<?xml version="1.0" encoding="UTF-8"?>
<!-- Generated by org.testng.reporters.JUnitReportReporter -->
<testsuite hostname="DESKTOP-MTSPVRR" failures="0" tests="1" name="com.qa.test.PostAPITest" time="0.553" errors="0" timestamp="28 Dec. 2022 06:26:12 GMT" skipped="0">
  <testcase classname="com.qa.test.PostAPITest" name="postAPITest" time="0.553"/>
</testsuite> <!-- com.qa.test.PostAPITest -->
