<?xml version="1.0" encoding="UTF-8"?>
<!-- Generated by org.testng.reporters.JUnitReportReporter -->
<testsuite hostname="DESKTOP-MTSPVRR" failures="0" tests="2" name="com.qa.test.GetAPITest" time="0.328" errors="0" timestamp="28 Dec. 2022 04:09:54 GMT" skipped="0">
  <testcase classname="com.qa.test.GetAPITest" name="getTest" time="0.259"/>
  <testcase classname="com.qa.test.GetAPITest" name="getTestwithHeaders" time="0.069"/>
</testsuite> <!-- com.qa.test.GetAPITest -->
